{
  "RSpec": {
    "coverage": {
      "/Users/rolenle/Projects/gschool/ruby/code-challenge/zipmark-code-challenge/app/controllers/clearing_houses_controller.rb": [
        1,
        1,
        null,
        1,
        1,
        1,
        1,
        1,
        null,
        0,
        null,
        null,
        null,
        null,
        null,
        null
      ],
      "/Users/rolenle/Projects/gschool/ruby/code-challenge/zipmark-code-challenge/app/controllers/application_controller.rb": [
        1,
        null,
        null,
        1,
        null
      ],
      "/Users/rolenle/Projects/gschool/ruby/code-challenge/zipmark-code-challenge/app/controllers/search_controller.rb": [
        1,
        1,
        null,
        null
      ],
      "/Users/rolenle/Projects/gschool/ruby/code-challenge/zipmark-code-challenge/app/models/address.rb": [
        1,
        1,
        null
      ],
      "/Users/rolenle/Projects/gschool/ruby/code-challenge/zipmark-code-challenge/app/models/clearing_house_formatter.rb": [
        1,
        1,
        2,
        2,
        null,
        2,
        null,
        2,
        null,
        null,
        1,
        4,
        4,
        4,
        4,
        null,
        null,
        1,
        4,
        null,
        4,
        16,
        16,
        null,
        null,
        null,
        1,
        2,
        2,
        2,
        2,
        null,
        2,
        null,
        null,
        1,
        2,
        null,
        null,
        1,
        4,
        16,
        12,
        null,
        null,
        null,
        null,
        1,
        16,
        null,
        null,
        1,
        null,
        null,
        2,
        null,
        null,
        null
      ],
      "/Users/rolenle/Projects/gschool/ruby/code-challenge/zipmark-code-challenge/app/models/clearing_house.rb": [
        1,
        1,
        1,
        null
      ],
      "/Users/rolenle/Projects/gschool/ruby/code-challenge/zipmark-code-challenge/app/models/fedach_file_parser.rb": [
        1,
        1,
        1,
        3,
        null,
        null,
        1,
        0,
        0,
        null,
        null,
        null,
        1,
        null,
        null,
        null,
        1,
        null,
        null,
        1,
        2,
        null,
        null,
        null,
        null,
        null,
        null,
        2,
        null,
        null,
        1,
        1,
        1,
        null,
        null,
        1,
        null,
        null
      ],
      "/Users/rolenle/Projects/gschool/ruby/code-challenge/zipmark-code-challenge/app/models/fedach_file_writer.rb": [
        1,
        1,
        1,
        1,
        1,
        1,
        null,
        null
      ]
    },
    "timestamp": 1392831711
  }
}
